<?xml version="1.0" encoding="UTF-8"?>
<testsuite name="mibs.asterisk.control.test.MVCTest" tests="1" skipped="0" failures="0" errors="0" timestamp="2018-10-09T10:01:04" hostname="localhost" time="0.007">
  <properties/>
  <testcase name="testSimpleMVC" classname="mibs.asterisk.control.test.MVCTest" time="0.007"/>
  <system-out><![CDATA[]]></system-out>
  <system-err><![CDATA[]]></system-err>
</testsuite>
