<?xml version="1.0" encoding="UTF-8"?>
<testsuite name="mibs.asterisk.control.test.AppTest" tests="3" skipped="0" failures="0" errors="0" timestamp="2019-01-16T08:42:00" hostname="calipso" time="0.012">
  <properties/>
  <testcase name="testFindByName" classname="mibs.asterisk.control.test.AppTest" time="0.01"/>
  <testcase name="testAppHasAGreeting" classname="mibs.asterisk.control.test.AppTest" time="0.0"/>
  <testcase name="testFindByAll" classname="mibs.asterisk.control.test.AppTest" time="0.0"/>
  <system-out><![CDATA[]]></system-out>
  <system-err><![CDATA[]]></system-err>
</testsuite>
