<?xml version="1.0" encoding="UTF-8"?>
<testsuite name="mibs.asterisk.control.test.AppTest" tests="1" skipped="0" failures="0" errors="0" timestamp="2018-09-21T12:35:15" hostname="localhost" time="0.001">
  <properties/>
  <testcase name="testAppHasAGreeting" classname="mibs.asterisk.control.test.AppTest" time="0.001"/>
  <system-out><![CDATA[]]></system-out>
  <system-err><![CDATA[]]></system-err>
</testsuite>
