<?xml version="1.0" encoding="UTF-8"?>
<testsuite name="mibs.asterisk.control.test.AppTest" tests="3" skipped="0" failures="0" errors="0" timestamp="2018-09-26T18:31:03" hostname="home" time="0.02">
  <properties/>
  <testcase name="testFindByName" classname="mibs.asterisk.control.test.AppTest" time="0.017"/>
  <testcase name="testAppHasAGreeting" classname="mibs.asterisk.control.test.AppTest" time="0.001"/>
  <testcase name="testFindByAll" classname="mibs.asterisk.control.test.AppTest" time="0.001"/>
  <system-out><![CDATA[]]></system-out>
  <system-err><![CDATA[]]></system-err>
</testsuite>
